<?xml version="1.0" encoding="UTF-8"?>
<!-- Generated by org.testng.reporters.JUnitReportReporter -->
<testsuite skipped="0" hostname="hp" name="Academy.HomePage" tests="1" failures="0" timestamp="12 Jun 2019 00:39:41 GMT" time="234.651" errors="0">
  <testcase name="basePageNavigation" time="234.651" classname="Academy.HomePage"/>
</testsuite> <!-- Academy.HomePage -->
